C51 COMPILER V9.56.0.0   TIM                                                               01/24/2025 11:04:17 PAGE 1   


C51 COMPILER V9.56.0.0, COMPILATION OF MODULE TIM
OBJECT MODULE PLACED IN .\Objects\tim.obj
COMPILER INVOKED BY: C:\Keil_v5\C51\BIN\C51.EXE tim.c OPTIMIZE(8,SPEED) BROWSE DEBUG OBJECTEXTEND PRINT(.\Listings\tim.l
                    -st) TABS(2) OBJECT(.\Objects\tim.obj)

line level    source

   1          sfr  TCON = 0x88;
   2          sfr  TMOD = 0x89;
   3          sfr  AUXR = 0x8E;
   4          sfr  TL1  = 0x8B;
   5          sfr  TH1  = 0x8D;
   6          sbit TR1  = TCON^6;
   7          sbit TF1  = TCON^7;
   8          
   9          void T1_Init(void)                    // 1毫秒@12.000MHz
  10          {
  11   1        AUXR &= 0xBF;                       // 定时器时钟12T模式
  12   1        TMOD &= 0x0F;                       // 设置定时器模式
  13   1        TL1 = 0x18;                         // 设置定时初值（24）
  14   1        TH1 = 0xFC;                         // 设置定时初值（252）
  15   1        TF1 = 0;                            // 清除TF1标志
  16   1        TR1 = 1;                            // 定时器1开始计时
  17   1      }
  18          
  19          extern unsigned int  uiTms;           // 毫秒值
  20          extern unsigned int  uiSec;           // 秒值
  21          extern unsigned int  uiDuty;          // 亮度等级（占空比）
  22          void T1_Proc(void)
  23          {
  24   1        if (!TF1)                           // 1ms时间未到
  25   1          return;
  26   1        TF1 = 0;                            // 清除TF1标志
  27   1      
  28   1        if (++uiTms == 1000)                // 1s时间到
  29   1        {
  30   2          uiTms = 0;
  31   2          uiSec++;
  32   2        }
  33   1        uiDuty = (uiTms&0x3f0) + (uiTms>>6);
  34   1      }


MODULE INFORMATION:   STATIC OVERLAYABLE
   CODE SIZE        =     83    ----
   CONSTANT SIZE    =   ----    ----
   XDATA SIZE       =   ----    ----
   PDATA SIZE       =   ----    ----
   DATA SIZE        =   ----    ----
   IDATA SIZE       =   ----    ----
   BIT SIZE         =   ----    ----
END OF MODULE INFORMATION.


C51 COMPILATION COMPLETE.  0 WARNING(S),  0 ERROR(S)
