C51 COMPILER V9.56.0.0   MAIN                                                              01/25/2025 07:12:24 PAGE 1   


C51 COMPILER V9.56.0.0, COMPILATION OF MODULE MAIN
OBJECT MODULE PLACED IN .\Objects\main.obj
COMPILER INVOKED BY: C:\Keil_v5\C51\BIN\C51.EXE main.c OPTIMIZE(8,SPEED) BROWSE INCDIR(..\Driver) DEBUG OBJECTEXTEND PRI
                    -NT(.\Listings\main.lst) TABS(2) OBJECT(.\Objects\main.obj)

line level    source

   1          // 使用程序前，将J13调整为IO模式（2-3脚短接）
   2          #include "tim.h"
   3          #include "seg.h"
   4          #include <stdio.h>
   5          #include "key.h"
   6          
   7          unsigned int  uiTms;                  // 毫秒值
   8          unsigned int  uiSec;                  // 秒值
   9          unsigned char ucState;                // 系统状态
  10          
  11          void Led_Proc(void);
  12          void Seg_Proc(void);
  13          void Key_Proc(void);
  14          // 主函数
  15          void main(void)
  16          {
  17   1        Close_Peripheral();
  18   1        T1_Init();
  19   1        
  20   1        while (1)
  21   1        {
  22   2          Seg_Proc();
  23   2          Key_Proc();
  24   2          Led_Proc();
  25   2        }
  26   1      }
  27          
  28          unsigned char pucSeg_Char[12];        // 显示字符
  29          unsigned char pucSeg_Code[8];         // 显示代码
  30          unsigned char ucSeg_Pos;              // 显示位置
  31          unsigned int  uiSeg_Dly;              // 显示刷新延时
  32          unsigned char ucSeg_Dly;              // 显示移位延时
  33          // 注意：sprintf()会在字符串后面添加”\0”，所以pucSeg_Buf[]的长度至少应为9。
  34          // 如果字符串中包含小数点，pucSeg_Buf[]的长度至少应为10。
  35          void Seg_Proc(void)
  36          {
  37   1        if (uiSeg_Dly > 300)                // 300ms刷新1次
  38   1        {
  39   2          uiSeg_Dly = 0;
  40   2      
  41   2          sprintf(pucSeg_Char, "%02x  %04u", (int)ucState, uiSec);
  42   2          Seg_Tran(pucSeg_Char, pucSeg_Code);
  43   2        }
  44   1        if (ucSeg_Dly >= 2)                 // 2ms移位1次
  45   1        {
  46   2          ucSeg_Dly = 0;
  47   2      
  48   2          Seg_Disp(pucSeg_Code[ucSeg_Pos], ucSeg_Pos);
  49   2          ucSeg_Pos = ++ucSeg_Pos & 7;      // 数码管循环显示
  50   2        }
  51   1      }
  52          
  53          unsigned char ucKey_Old;              // 旧键值
  54          unsigned char ucKey_Dly;              // 按键刷新延时
C51 COMPILER V9.56.0.0   MAIN                                                              01/25/2025 07:12:24 PAGE 2   

  55          unsigned int  uiKey_Dly=500;          // 双击或长按延时
  56          void Key_Proc(void)
  57          {
  58   1        unsigned char ucKey_Dn;             // 按下键值
  59   1        unsigned char ucKey_Up;             // 松开键值
  60   1      
  61   1        if(ucKey_Dly < 10)                  // 延时10ms消抖
  62   1          return;
  63   1        ucKey_Dly = 0;
  64   1      
  65   1        ucKey_Dn = Key_Read();              // 键值读取
  66   1        if (ucKey_Dn != ucKey_Old)          // 键值变化
  67   1        {
  68   2          ucKey_Up = ucKey_Old;             // 保存键值
  69   2          ucKey_Old = ucKey_Dn;
  70   2        } else {
  71   2          ucKey_Up = 0;                     // 清除键值
  72   2          ucKey_Dn = 0;
  73   2        }
  74   1      
  75   1        if (ucKey_Dn == 4)                  // S4按下
  76   1        {
  77   2          ucState ^= 0x10;                  // 修改主状态（L5翻转）
  78   2          if (uiKey_Dly < 500)              // S4双击
  79   2            ucState ^= 2;                   // 修改次状态（L2翻转）
  80   2          uiKey_Dly = 0;                    // 开始计时
  81   2        }
  82   1      
  83   1        if (ucKey_Up == 4)                  // S4松开
  84   1            ucState ^= 1;                   // 修改次状态（L1翻转）
  85   1        if ((ucKey_Old == 4) && (uiKey_Dly > 1000))
  86   1        {                                   // S4长按
  87   2          ucState ^= 4;                     // 修改次状态（L3翻转）
  88   2          uiKey_Dly = 0;                    // 重新计时
  89   2        }
  90   1      }
  91          
  92          void Led_Proc(void)
  93          {
  94   1        Led_Disp(ucState);
  95   1      }


MODULE INFORMATION:   STATIC OVERLAYABLE
   CODE SIZE        =    202    ----
   CONSTANT SIZE    =     11    ----
   XDATA SIZE       =   ----    ----
   PDATA SIZE       =   ----    ----
   DATA SIZE        =     33       1
   IDATA SIZE       =   ----    ----
   BIT SIZE         =   ----    ----
END OF MODULE INFORMATION.


C51 COMPILATION COMPLETE.  0 WARNING(S),  0 ERROR(S)
